\BOOKMARK [1][-]{section.1}{\376\377\000E\000d\000u\000c\000a\000t\000i\000o\000n}{}% 1
\BOOKMARK [2][-]{section*.1}{\376\377\000E\000m\000o\000r\000y\000\040\000U\000n\000i\000v\000e\000r\000s\000i\000t\000y\0002\0000\0002\0001\000\040\040\023\000\040\000\040\000P\000r\000e\000s\000e\000n\000t}{section.1}% 2
\BOOKMARK [2][-]{section*.2}{\376\377\000M\000o\000n\000t\000a\000n\000a\000\040\000S\000t\000a\000t\000e\000\040\000U\000n\000i\000v\000e\000r\000s\000i\000t\000y\0002\0000\0001\0007\000\040\040\023\000\040\000\040\0002\0000\0001\0009}{section.1}% 3
\BOOKMARK [2][-]{section*.3}{\376\377\000U\000n\000i\000v\000e\000r\000s\000i\000t\000y\000\040\000o\000f\000\040\000C\000a\000l\000i\000f\000o\000r\000n\000i\000a\000,\000\040\000S\000a\000n\000t\000a\000\040\000C\000r\000u\000z\0002\0000\0001\0001\000\040\040\023\000\040\000\040\0002\0000\0001\0005}{section.1}% 4
\BOOKMARK [1][-]{section.2}{\376\377\000R\000e\000s\000e\000a\000r\000c\000h\000\040\000\040\000I\000n\000t\000e\000r\000e\000s\000t\000s}{}% 5
\BOOKMARK [1][-]{section.3}{\376\377\000P\000u\000b\000l\000i\000c\000a\000t\000i\000o\000n\000s}{}% 6
\BOOKMARK [1][-]{section.4}{\376\377\000G\000r\000a\000n\000t\000\040\000S\000u\000p\000p\000o\000r\000t}{}% 7
\BOOKMARK [1][-]{section.5}{\376\377\000I\000n\000v\000i\000t\000e\000d\000\040\000\040\000P\000r\000e\000s\000e\000n\000t\000a\000t\000i\000o\000n\000s}{}% 8
\BOOKMARK [1][-]{section.6}{\376\377\000C\000o\000n\000t\000r\000i\000b\000u\000t\000e\000d\000\040\000\040\000T\000a\000l\000k\000s\000\040\000\046\000\040\000\040\000P\000o\000s\000t\000e\000r\000s}{}% 9
\BOOKMARK [1][-]{section.7}{\376\377\000I\000n\000v\000i\000t\000e\000d\000\040\000\040\000P\000a\000n\000e\000l\000s}{}% 10
\BOOKMARK [1][-]{section.8}{\376\377\000P\000r\000o\000f\000e\000s\000s\000i\000o\000n\000a\000l\000\040\000\040\000E\000x\000p\000e\000r\000i\000e\000n\000c\000e}{}% 11
\BOOKMARK [2][-]{section*.4}{\376\377\000L\000o\000s\000\040\000A\000l\000a\000m\000o\000s\000\040\000N\000a\000t\000i\000o\000n\000a\000l\000\040\000L\000a\000b\000o\000r\000a\000t\000o\000r\000y}{section.8}% 12
\BOOKMARK [2][-]{section*.5}{\376\377\000B\000o\000z\000e\000m\000a\000n\000\040\000D\000i\000s\000e\000a\000s\000e\000\040\000E\000c\000o\000l\000o\000g\000y\000\040\000L\000a\000b}{section.8}% 13
\BOOKMARK [2][-]{section*.6}{\376\377\000W\000e\000y\000e\000r\000h\000a\000e\000u\000s\000e\000r}{section.8}% 14
\BOOKMARK [2][-]{section*.7}{\376\377\000A\000c\000c\000e\000n\000t\000u\000r\000e}{section.8}% 15
\BOOKMARK [1][-]{section.9}{\376\377\000C\000o\000n\000s\000u\000l\000t\000i\000n\000g\000\040\000\046\000\040\000\040\000C\000o\000l\000l\000a\000b\000o\000r\000a\000t\000i\000o\000n\000\040\000\040\000E\000x\000p\000e\000r\000i\000e\000n\000c\000e}{}% 16
\BOOKMARK [1][-]{section.10}{\376\377\000T\000e\000a\000c\000h\000i\000n\000g}{}% 17
\BOOKMARK [1][-]{section.11}{\376\377\000A\000w\000a\000r\000d\000s}{}% 18
\BOOKMARK [1][-]{section.12}{\376\377\000S\000e\000r\000v\000i\000c\000e}{}% 19
\BOOKMARK [1][-]{section.13}{\376\377\000M\000e\000m\000b\000e\000r\000s\000h\000i\000p}{}% 20
